<?xml version="1.0" encoding="UTF-8"?>
<!-- Generated by org.testng.reporters.JUnitXMLReporter -->
<testsuite ignored="0" hostname="DESKTOP-EOUGH6M" failures="0" tests="4" name="Default test" time="0.349" errors="0" timestamp="2023-08-18T11:26:12 IST">
  <testcase classname="testNG.DataProviderTest" name="trainer" time="0.056"/>
  <testcase classname="testNG.DataProviderTest" name="trainer" time="0.007"/>
  <testcase classname="testNG.DataProviderTest" name="trainer" time="0.007"/>
  <testcase classname="testNG.DataProviderTest" name="trainer" time="0.008"/>
</testsuite> <!-- Default test -->
