<?xml version="1.0" encoding="UTF-8"?>
<testng-results ignored="0" total="4" passed="4" failed="0" skipped="0">
  <reporter-output>
  </reporter-output>
  <suite started-at="2023-08-18T11:26:12 IST" name="Default suite" finished-at="2023-08-18T11:26:12 IST" duration-ms="349">
    <groups>
    </groups>
    <test started-at="2023-08-18T11:26:12 IST" name="Default test" finished-at="2023-08-18T11:26:12 IST" duration-ms="349">
      <class name="testNG.DataProviderTest">
        <test-method signature="trainer(java.lang.String,java.lang.String)[pri:0, instance:testNG.DataProviderTest@402c4085]" started-at="2023-08-18T11:26:12 IST" name="trainer" data-provider="data" finished-at="2023-08-18T11:26:12 IST" duration-ms="56" status="PASS">
          <params>
            <param index="0">
              <value>
                <![CDATA[Shambhu sir]]>
              </value>
            </param>
            <param index="1">
              <value>
                <![CDATA[core java]]>
              </value>
            </param>
          </params>
          <reporter-output>
          </reporter-output>
        </test-method> <!-- trainer -->
        <test-method signature="trainer(java.lang.String,java.lang.String)[pri:0, instance:testNG.DataProviderTest@402c4085]" started-at="2023-08-18T11:26:12 IST" name="trainer" data-provider="data" finished-at="2023-08-18T11:26:12 IST" duration-ms="7" status="PASS">
          <params>
            <param index="0">
              <value>
                <![CDATA[vinay sir]]>
              </value>
            </param>
            <param index="1">
              <value>
                <![CDATA[manual]]>
              </value>
            </param>
          </params>
          <reporter-output>
          </reporter-output>
        </test-method> <!-- trainer -->
        <test-method signature="trainer(java.lang.String,java.lang.String)[pri:0, instance:testNG.DataProviderTest@402c4085]" started-at="2023-08-18T11:26:12 IST" name="trainer" data-provider="data" finished-at="2023-08-18T11:26:12 IST" duration-ms="7" status="PASS">
          <params>
            <param index="0">
              <value>
                <![CDATA[priya mam]]>
              </value>
            </param>
            <param index="1">
              <value>
                <![CDATA[advance java]]>
              </value>
            </param>
          </params>
          <reporter-output>
          </reporter-output>
        </test-method> <!-- trainer -->
        <test-method signature="trainer(java.lang.String,java.lang.String)[pri:0, instance:testNG.DataProviderTest@402c4085]" started-at="2023-08-18T11:26:12 IST" name="trainer" data-provider="data" finished-at="2023-08-18T11:26:12 IST" duration-ms="8" status="PASS">
          <params>
            <param index="0">
              <value>
                <![CDATA[Akash sir]]>
              </value>
            </param>
            <param index="1">
              <value>
                <![CDATA[selenium]]>
              </value>
            </param>
          </params>
          <reporter-output>
          </reporter-output>
        </test-method> <!-- trainer -->
      </class> <!-- testNG.DataProviderTest -->
    </test> <!-- Default test -->
  </suite> <!-- Default suite -->
</testng-results>
